100
0 18 25 708 9 10 14 35 176 12 15 281 31 6 20 21 52 38 32 27 3 5 7 11 30 0 8 16 19 23 2 4 17 13 34 1 22 24 138
1 9 11 25 41 16 1290 1 13 21 46 55 3 26 22 36 20 138 2 4 8 10 7 70 243 6 18 19 29 74 0 24 61 15 5 12 17 14 23 54
2 12 21 34 7 10 19 17 35 23 20 797 2 11 22 44 8 13 16 15 32 45 63 2264 9 14 27 1 4 24 26 65 0 6 37 69 5 33 18 40 62 3975 3756 3 28
3 36 38 9 25 73 50 6 24 41 3 19 16 17 28 0 5 14 15 3097 4 21 31 27 20 18 22 30 2 12 13 10 29 1671 1290 1 7 8 69 11 40
4 8 20 31 129 7 16 147 17 18 57 1502 28 2 3 9 13 19 1 5 6 21 29 11 38 36 50 26 25 24 0 4 10 14 15 30 37 12 27
5 9 18 27 42 1 3 36 12 31 29 20 26 22 2 13 11 60 23 25 28 37 19 1310 4 6 24 40 7 10 14 155 138 3110 8 16 15 97 21 0 5
6 7 6 10 12 50 75 7624 5 9 14 18 39 57 120 17 30 25 0 3 20 3244 41 56 58 1 8 23 11 72 13 46 42 112 2 4 19 34
7 0 47 6 13 18 55 1310 20 46 23 4 9 8 24 36 554 14 16 28 35 27 25 49 39 2 12 11 15 10 126 5 21 19 63 138 1 3 7 17 37
8 178 75 87 57 53 152 89 54 72 50 43 48 34 38 41 485 1290 47 135 35 71 70 36 30 105 51 77 126 52 65 88 78 98 64 17 63
9 4 31 69 6729 0 7 20 19 24 21 52 18 3 8 11 14 22 32 27 2 25 29 12 35 17 15 10 16 28 33 13 26 1263 1 6 5 23 9 176
10 18 28 54 126 10 2848 12 621 4 3 38 32 23 24 1 5 9 17 29 36 2 6 11 22 31 27 0 7 47 131 138 15 8 16 20 25 86 30 13
11 10 43 27 1 3 7 55 37 42 0 5 48 136 52 2 41 39 1572 6 12 38 13 9 34 111 15 11 8 18 4 51 19 60
12 16 5 35 121 1502 40 33 56 21 38 67 22 1310 43 1 66 36 1290 3 26 29 62 59 88 50 60 32 51 31 48 42 44 8
13 107 1290 139 3 50 32 8 83 129 218 1951 58 2 5 53 10 48 611 1482 4 26 57 7 56 52 33 12 1 6 44 34 82 77 0 9 14 20 2264
14 20 24 15 22 51 176 2 56 58 44 1 3 9 50 4371 6 32 48 0 38 74 4 8 17 10 130 118 19 18 35 5 30 45 7 14 25 33
15 22 45 42 18 32 968 9 8 21 68 12 69 138 4 15 16 20 54 131 10 14 43 62 0 7 6 11 17 19 120 1 2 3 5 38 29 33 27 197 26
16 40 73 242 82 54 52 151 256 659 140 195 418 156 41 78 258 31 331 1610 98 119 109 66 288 948 621 167 64 250 110 76 102 93 848 184 1290 170
17 86 30 94 49 84 119 5893 178 78 53 252 199 87 245 1185 47 95 345 318 64 418 67 510 85 435 66 93 3923 1290 186 946 122
18 13 267 879 74 3 14 17 9 18 1251 5381 7 25 439 46 554 0 34 12 546 138 2 6 23 19 77 68 8 10 20 118 204 4 5 55 79 37 1 11
19 39 298 82 57 78 77 74 5926 34 30 22 70 583 56 102 134 5990 61 4 92 44 66 54 3 31 19 47 88 51 40 28 91 128 80 168 67
20 9 16 26 36 37 45 41 6 155 44 21 5526 2 35 1290 27 48 7 5 8 12 69 1 4 15 33 49 24 22 3 17 31 11 14 10 13 75 0
21 96 37 16 84 59 17 134 119 51 74 19 103 99 110 199 34 124 25 87 176 2264 47 38 79 67 13 30 71 22 48 43 2848 6 54 41
22 76 45 49 69 26 68 59 60 62 583 97 1310 29 75 78 32 58 83 40 72 57 89 52 42 1290 33 66 207 114 7624 133 124 105 61 224 9517
23 142 226 176 41 194 83 56 75 1290 95 281 57 59 26 108 55 42 65 45 250 172 139 264 106 31 81 71 70 101 79 35 135 160
24 104 94 74 20 105 188 120 148 93 53 86 122 77 128 269 124 90 80 108 30 73 17 91 67 149 103 29 28 64 236
25 10 69 15 40 36 31 22 46 21 425 20 17 138 5 3 11 24 45 19 0 2 72 120 7 9 14 101 49 4 28 64 27 1 8 18 23 35 12
26 30 120 40 107 144 82 139 2052 91 56 68 187 106 72 103 114 66 112 131 126 65 50 46 59 32 85 161 39 110 257 180 246 45 84 117 105 79
27 39 28 1495 66 119 107 31 25 44 70 151 112 40 92 24 84 53 47 164 149 95 3 82 37 14 1954 15 165 57 184 23 59 33 35 46 55 157 110 121 1671
28 8 11 19 34 67 148 23 37 60 27 1 10 13 20 55 968 0 4 22 6 12 44 9 14 5 15 43 121 138 63 3 29 28 16 17 83 21 2 7 52 26 554
29 13 77 178 62 1315 37 34 223 360 92 66 337 40 90 110 23 49 84 231 28 11 7 89 52 113 107 16 53 48 2153 12 57 270 329 36 44 442
30 498 58 128 61 2014 196 93 81 117 247 2385 612 275 465 610 213 294 169 105 625 163 314 155 1290 234 77 76 144 199 65 145 150
31 102 199 69 96 36 135 130 97 106 5921 45 51 35 49 172 549 105 71 170 61 24 33 77 161 68 399 74 31 32 98 66 59 144
32 91 64 251 6049 180 117 159 239 209 339 54 56 101 30 162 76 80 97 215 49 47 197 5921 82 104 179 128 116 53 231
33 46 65 63 5 18 48 84 12 38 83 131 139 1 16 9 6 4 0 10 14 32 81 22 54 236 3 11 8 13 73 37 7 29 23 15 90 2 21 26
34 39 12 54 21 30 8 1 24 1089 16 10 121 4 11 26 3 41 19 64 28 69 6 18 155 25 42 5 14 27 31 13 33 0 2 29
35 61 72 7718 108 122 128 138 25 114 31 94 87 39 1290 57 32 64 89 316 53 107 8450 70 42 24 123 111 97 49 51 35 81 763 137
36 42 669 158 61 89 1080 1052 81 250 108 907 434 1936 1290 94 712 168 1027 280 206 146 469 3110 102 80 406 163 137 60 149 513 40 2591 1638 119 409 125 181 88 714 70
37 34 154 53 121 88 32 21 57 55 968 50 5 246 22 3849 0 100 128 30 58 129 251 26 38 51 252 138 3097 1 60 166 68 1233 71 70 1737
38 122 159 257 92 1290 32 65 108 147 26 60 150 137 169 63 907 903 1714 54 67 304 293 100 37 141 165 101 768 121 125 143 364
39 5 22 108 3 14 237 579 355 1671 27 9 18 99 46 207 632 10 8 4 322 129 162 11 6 7 15 161 1 12 102 2 34 17 0
40 95 24 52 173 43 144 331 278 67 210 85 63 265 83 106 76 259 47 86 90 248 100 53 35 1958 7055 51 62 156 143 60
41 31 83 442 50 205 268 142 109 170 553 132 3661 97 214 25 46 148 121 448 135 77 126 221 491 2153 137 176 82 38 81 73 181 94 125 118
42 91 180 218 441 89 119 172 104 64 45 161 250 184 47 57 1449 88 56 28 478 74 444 123 78 1001 284 655 40 110 935 51 62 1263 115 29 2848 36 1489 292 1290
43 412 62 248 20 3358 67 251 158 1428 71 347 171 324 194 73 17 76 477 309 1434 6126 219 174 81 100 502 399 75 108
44 256 742 201 95 255 4089 347 30 327 404 2076 378 48 1954 67 148 309 1070 1290 1002 78 2196 86 389 122 109 1379 56 50 47 65 64 301 1246 214 187 146 79 63 239 1033
45 156 131 65 123 309 21 76 47 58 38 127 162 120 54 85 51 132 332 95 232 193 34 69 45 32 225 22 56 397 133 121 114 33 70 258 40 64
46 183 36 83 69 106 280 142 75 50 59 2591 181 63 25 88 49 1155 45 323 39 87 22 205 102 68 267 97 53 113 4148 327 817 651 152 708
47 102 118 109 152 71 140 158 433 3975 136 252 335 244 82 43 392 200 1310 174 116 188 60 482 173 229 375 85 429 217 192 183 54 160 78
48 404 39 227 218 116 398 146 163 366 545 4247 164 94 9 63 3684 4 11 68 1228 109 55 20 184 168 99 76 7 300 53 120 211 1384 42 104 58 81 335
49 94 306 58 259 61 339 355 155 138 49 272 132 46 80 212 202 18 106 139 140 96 229 425 225 1290 76 350 42 33 118 0 186 45 133 1671
50 395 168 1495 233 108 2292 126 320 2513 176 178 817 198 85 919 248 137 240 89 592 322 83 926 587 739 443 76 3222 114 133 445 4347 412 44 228 62 1482 48 1391 141
51 1 7 9 13 64 16 977 4 11 15 20 26 78 725 8 24 21 28 30 41 34 143 0 5 14 45 18 22 27 33 2 6 17 1290 10 12 35 3 117
52 2327 44 145 108 239 28 296 170 117 213 4025 2190 708 1465 89 424 951 418 211 2818 859 310 79 786 365 753 2088 23 498 1601 6001 384 6514 509 105 16 868
53 215 213 16 72 1704 216 1035 760 84 134 185 159 103 475 181 807 1296 238 289 69 6604 1866 225 254 490 302 524 327 898 1290 115 846 93 371
54 306 182 156 158 280 446 309 268 46 296 349 39 80 99 41 30 9517 139 772 252 509 954 383 163 115 249 283 243 200 153 451 95 180 55 561 61
55 460 146 13 27 115 94 189 65 90 14 38 43 62 41 173 91 1502 124 57 17 71 4 11 6 80 101 0 15 93 9 116 88 900 24 126
56 825 338 112 2282 349 220 131 181 177 137 279 203 96 485 143 303 867 100 214 160 179 481 391 142 880 707 84 5429 87 113 153 154 1754 145 223
57 358 308 1506 480 316 157 253 86 106 114 145 131 150 362 402 224 9566 70 1442 235 196 111 503 7672 212 779 76 155 404 33 456 323 3975 422 75 2195 1336 1156 321
58 370 70 520 224 175 381 5850 2955 2986 73 666 936 171 264 59 565 114 909 196 720 412 364 1729 4104 1378 1007 119 550 161 859 244 280 82 429 144 294 95 325 391
59 23 32 6408 6238 2060 216 16 22 167 123 479 24 1011 14 82 117 769 725 225 1264 125 204 3843 977 116 203 8601 72 535 163 1429 1728 21 118 195 33 323 2187
60 82 163 238 143 36 71 115 43 158 101 106 1909 85 88 297 130 410 113 1927 84 1290 53 90 68 253 59 1756 5554 46 235 758
61 206 815 2976 179 215 374 48 90 213 468 266 230 916 52 112 227 566 1737 2014 208 240 218 118 89 351 295 102 2780 79 444 1137 4674 226 545
62 1503 1591 356 7777 111 363 527 23 277 6044 1583 1310 64 796 113 25 92 165 59 117 87 160 138 50 209 34 57 174 245 345 147
63 715 86 179 3676 47 1054 585 906 83 206 4630 475 551 232 145 401 971 506 1991 2360 248 1310 255 210 3349 34 64 8444 8948 285 447 1123
64 313 6165 25 57 3038 314 2262 265 157 126 2433 3317 724 296 2135 2218 77 336 8629 356 90 2195 301 379 234 755 236 465 505 8512 43 237
65 514 6 77 132 62 34 49 97 165 43 2780 1679 73 299 100 124 94 72 64 432 47 18 42 52 119 222 86 568 2 122
66 567 1948 4477 1424 572 136 1042 502 1959 292 275 947 5834 462 708 128 29 554 1413 233 524 1438 457 276 352 3989 845 4336 87
67 127 58 1290 156 160 218 631 169 500 96 546 147 113 344 179 228 343 400 103 637 293 286 3692 5921 258 209 79 589 139 186 519 141 511 101
68 253 206 887 1509 5667 357 188 287 274 316 1290 551 509 377 446 191 116 183 279 243 138 5661 592 452 124 201 689 324 112 653 715 2720 342 554 517 255 461 435 1122
69 20 107 171 27 117 209 73 7 335 30 1107 89 28 10 8 60 2 100 977 24 4 15 34 936 1 72 32 17 6 1263 12 84 82 54 37 689 16
70 490 2458 577 24 315 619 372 20 42 462 3097 30 629 2683 367 2883 666 254 2973 762 840 4859 17 298 378 293 2415 330 650 248 122 14 6 15 3244
71 1073 234 134 534 6166 1334 546 590 118 99 323 2078 2477 581 5447 723 439 225 227 799 229 438 2696 1065 1239 174 290 945 1456 659 881 204 356
72 1353 210 404 543 92 99 1566 2473 36 2859 428 6094 1408 4630 328 4838 2261 927 110 28 890 1571 3828 1758 360 222 1495 798 23 2094 7797 75 105 98
73 197 2 1 137 2201 1484 140 163 3774 609 22 239 1611 0 12 3708 252 8 1845 30 250 111 118 397 1756 597 470 320 172 1311 308 48 1953 74 3403 6188 2060
74 8365 1401 2522 914 6097 6696 134 3502 1210 200 6450 8875 9471 1917 9295 1026 468 2112 322 264 582 431 1332 1979 50 107 2156 2048 565 2967 340 4429 1038 992 5792 708
75 235 142 81 101 195 454 89 53 1863 562 774 2132 1958 470 62 253 176 1337 194 553 55 583 351 1623 129 587 1073 107 1843 346 2067 3244 1841 489 170 1582
76 18 46 3 6 16 50 23 21 15 63 1 9 24 13 10 869 4 2 27 112 157 12 5 22 17 104 25 28 0 20 8 26 66 7 11 35 19 1290 14
77 90 217 39 103 447 113 155 127 168 249 5350 235 254 81 851 1888 37 8733 651 138 244 433 1593 514 117 4138 1130 2657 197 533 44 1263 2942 173
78 292 597 245 443 89 3700 731 230 361 307 1913 465 285 171 325 987 96 654 645 237 5276 168 352 184 115 1591 133 1152 261 323 680 202 1502 390 219 68
79 35 277 206 23 26 4 281 14 60 169 27 344 3 87 227 152 157 71 81 159 98 156 96 545 5 34 16 1959 553 485 72 41 291 165 351 164
80 1217 79 7591 1173 287 349 971 1932 5797 3784 968 102 1706 2062 4858 4618 290 101 62 112 4241 5724 229 5801 688 154 426 1572 1815 1595 708 185 49 3017 641 50
81 359 402 194 300 74 861 268 79 715 161 167 235 55 169 338 1017 554 78 282 1627 337 211 168 155 264 272 146 978 1663 171 178 81 231 182 1741 241 273
82 1759 209 49 2282 1983 107 662 253 45 114 152 184 508 841 4525 163 82 9584 5971 1583 1077 869 565 334 677 559 85 578 54 494 263 394 271 247 56 341 348 156 1996 120
83 342 970 185 319 2795 92 2552 415 1044 69 891 5688 8401 162 281 2413 130 278 153 3175 190 407 859 210 862 334 1515 1635
84 390 140 74 51 455 440 171 338 129 53 188 46 3140 111 159 363 43 98 1147 145 52 136 143 190 65 138 125 36 142 82 75 289
85 139 174 99 219 67 544 201 55 9442 138 226 656 5641 715 39 66 187 217 48 412 216 6234 7984 73 2652 951 355 417 468 75 676 44 938
86 7 75 539 48 240 1263 69 36 19 245 362 267 510 175 538 145 33 66 381 96 93 180 869 25 100 199 76 61 154 178 161 135 272 35 44 53 230 20
87 186 2334 419 152 1862 110 709 698 45 33 123 677 663 949 505 43 353 3053 316 397 869 302 130 377 1333 109 173 4738 70 177 166 2071 160 882
88 470 660 157 6025 90 80 1223 147 229 31 250 158 957 127 1290 4171 150 98 308 179 3915 606 216 48 672 772 309 5778 239 559 361 287 1571 238
89 15 30 726 5350 10 8 220 7584 1 3 68 0 16 18 21 205 233 57 47 5 6 28 11 52 9 50 51 14 200 867 2 13 912 4 7
90 3790 232 129 38 139 130 646 330 449 234 201 1260 194 67 907 452 419 102 1363 310 66 208 425 1384 141 1752 638 2371 3198 331 124 92 140 295 1052
91 7086 4370 2492 4581 1166 7135 426 2665 43 654 6018 1932 1567 455 5275 1091 8585 8438 663 374 6005 1142 1474 1290 3244 8088 1066 948 473 414 1746 246 7600 644 452 3003
92 205 190 327 97 132 292 521 752 459 451 29 122 6698 2738 27 545 60 2482 119 58 1799 46 1673 498 192 137 789 671 269 39 37 595 507 169 7117
93 4319 1452 5381 885 142 842 1105 866 555 1686 4090 3535 750 3324 1402 1010 9798 1290 122 526 1677 2579 2568 267 249 549 1967 2664 208 5120 81